Base path: /Applications/Unity/Unity.app/Contents
Cmd: initializeCompiler
Cmd: compileComputeKernel
  api=14 insize=1435 outsize=6521 ok=1
Cmd: translateComputeKernel
  api=14 insize=7169 outsize=3577 ok=1
Cmd: translateComputeKernel
  api=14 insize=6689 outsize=1561 ok=1
Cmd: compileComputeKernel
  api=14 insize=1526 outsize=781 ok=1
Cmd: translateComputeKernel
  api=14 insize=873 outsize=909 ok=1
Cmd: compileComputeKernel
  api=14 insize=2343 outsize=7345 ok=1
Cmd: translateComputeKernel
  api=14 insize=7345 outsize=3141 ok=1
Cmd: compileSnippet
  api=14 type=0 insize=2259 outsize=2365 kw=SOFTPARTICLES_ON pd=UNITY_ENABLE_REFLECTION_BUFFERS UNITY_USE_DITHER_MASK_FOR_ALPHABLENDED_SHADOWS UNITY_PBS_USE_BRDF1 UNITY_SPECCUBE_BOX_PROJECTION UNITY_SPECCUBE_BLENDING UNITY_ENABLE_DETAIL_NORMALMAP SHADER_API_DESKTOP UNITY_COLORSPACE_GAMMA UNITY_LIGHT_PROBE_PROXY_VOLUME UNITY_LIGHTMAP_FULL_HDR ok=1
Cmd: compileSnippet
  api=14 type=1 insize=2259 outsize=1812 kw=SOFTPARTICLES_ON pd=UNITY_ENABLE_REFLECTION_BUFFERS UNITY_USE_DITHER_MASK_FOR_ALPHABLENDED_SHADOWS UNITY_PBS_USE_BRDF1 UNITY_SPECCUBE_BOX_PROJECTION UNITY_SPECCUBE_BLENDING UNITY_ENABLE_DETAIL_NORMALMAP SHADER_API_DESKTOP UNITY_COLORSPACE_GAMMA UNITY_LIGHT_PROBE_PROXY_VOLUME UNITY_LIGHTMAP_FULL_HDR ok=1
